<?xml version="1.0" encoding="UTF-8"?>
<testsuite name="TestSuite" time="42.187" tests="2" errors="0" skipped="0" failures="1">
  <properties>
[...]
</properties>
  <testcase name="loginTest" classname="com.E_BankV1.testCases.TC_LoginTest_001" time="13.99">
    <failure message="expected [true] but found [false]" type="java.lang.AssertionError">java.lang.AssertionError: expected [true] but found [false]
	at org.testng.Assert.fail(Assert.java:96)
	at org.testng.Assert.failNotEquals(Assert.java:776)
	at org.testng.Assert.assertTrue(Assert.java:44)
	at org.testng.Assert.assertTrue(Assert.java:54)
	at com.E_BankV1.testCases.TC_LoginTest_001.loginTest(TC_LoginTest_001.java:38)
</failure>
    <system-out><![CDATA[ INFO [main] (TC_LoginTest_001.java:19)- URL is opened
 INFO [main] (TC_LoginTest_001.java:23)- Entered username
 INFO [main] (TC_LoginTest_001.java:26)- Entered password
Screenshot taken
]]></system-out>
    <system-err><![CDATA[Starting ChromeDriver 87.0.4280.88 (89e2380a3e36c3464b5dd1302349b1382549290d-refs/branch-heads/4280@{#1761}) on port 17017
Only local connections are allowed.
Please see https://chromedriver.chromium.org/security-considerations for suggestions on keeping ChromeDriver safe.
ChromeDriver was started successfully.
Jan 08, 2021 4:27:22 AM org.openqa.selenium.remote.ProtocolHandshake createSession
INFO: Detected dialect: W3C
]]></system-err>
  </testcase>
  <testcase name="addNewCustomer" classname="com.E_BankV1.testCases.TC_AddCustomerTest_003" time="28.197"/>
</testsuite>