<?xml version="1.0" encoding="UTF-8"?>
<!-- Generated by org.testng.reporters.JUnitXMLReporter -->
<testsuite hostname="Afolabi-D-III" ignored="0" name="BankingApp Test" tests="8" failures="6" timestamp="06 Jan 2021 02:49:04 GMT" time="811.775" errors="0">
  <testcase name="loginTest" time="73.822" classname="com.E_BankV1.testCases.TC_LoginTest_001">
    <failure type="java.lang.AssertionError" message="expected [true] but found [false]">
      <![CDATA[java.lang.AssertionError: expected [true] but found [false]
at com.E_BankV1.testCases.TC_LoginTest_001.loginTest(TC_LoginTest_001.java:38)
... Removed 29 stack frames]]>
    </failure>
  </testcase> <!-- loginTest -->
  <testcase name="loginDDT" time="76.283" classname="com.E_BankV1.testCases.TC_LoginDDT_002"/>
  <testcase name="loginDDT" time="28.14" classname="com.E_BankV1.testCases.TC_LoginDDT_002">
    <failure type="java.lang.AssertionError" message="expected [true] but found [false]">
      <![CDATA[java.lang.AssertionError: expected [true] but found [false]
at com.E_BankV1.testCases.TC_LoginDDT_002.loginDDT(TC_LoginDDT_002.java:34)
... Removed 29 stack frames]]>
    </failure>
  </testcase> <!-- loginDDT -->
  <testcase name="loginDDT" time="7.061" classname="com.E_BankV1.testCases.TC_LoginDDT_002">
    <failure type="java.lang.AssertionError" message="expected [true] but found [false]">
      <![CDATA[java.lang.AssertionError: expected [true] but found [false]
at com.E_BankV1.testCases.TC_LoginDDT_002.loginDDT(TC_LoginDDT_002.java:34)
... Removed 29 stack frames]]>
    </failure>
  </testcase> <!-- loginDDT -->
  <testcase name="loginDDT" time="7.398" classname="com.E_BankV1.testCases.TC_LoginDDT_002">
    <failure type="java.lang.AssertionError" message="expected [true] but found [false]">
      <![CDATA[java.lang.AssertionError: expected [true] but found [false]
at com.E_BankV1.testCases.TC_LoginDDT_002.loginDDT(TC_LoginDDT_002.java:34)
... Removed 29 stack frames]]>
    </failure>
  </testcase> <!-- loginDDT -->
  <testcase name="loginDDT" time="12.498" classname="com.E_BankV1.testCases.TC_LoginDDT_002">
    <failure type="java.lang.AssertionError" message="expected [true] but found [false]">
      <![CDATA[java.lang.AssertionError: expected [true] but found [false]
at com.E_BankV1.testCases.TC_LoginDDT_002.loginDDT(TC_LoginDDT_002.java:34)
... Removed 29 stack frames]]>
    </failure>
  </testcase> <!-- loginDDT -->
  <testcase name="loginDDT" time="24.247" classname="com.E_BankV1.testCases.TC_LoginDDT_002">
    <failure type="java.lang.AssertionError" message="expected [true] but found [false]">
      <![CDATA[java.lang.AssertionError: expected [true] but found [false]
at com.E_BankV1.testCases.TC_LoginDDT_002.loginDDT(TC_LoginDDT_002.java:34)
... Removed 29 stack frames]]>
    </failure>
  </testcase> <!-- loginDDT -->
  <testcase name="addNewCustomer" time="178.232" classname="com.E_BankV1.testCases.TC_AddCustomerTest_003"/>
</testsuite> <!-- BankingApp Test -->
